Loading gcc/11.3.0
  Loading requirement: gmp/6.2.1 mpfr/4.1.0 mpc/1.2.1
Loading llvm/15.0.4--gcc--11.3.0-cuda-11.8
  Loading requirement: zlib/1.2.13--gcc--11.3.0
Loading gsl/2.7.1--oneapi--2023.2.0
  Loading requirement: intel-oneapi-mkl/2023.2.0
[I 2024-03-18 13:09:51.837 ServerApp] Package notebook took 0.0000s to import
[I 2024-03-18 13:09:52.469 ServerApp] Package jupyter_lsp took 0.6314s to import
[W 2024-03-18 13:09:52.469 ServerApp] A `_jupyter_server_extension_points` function was not found in jupyter_lsp. Instead, a `_jupyter_server_extension_paths` function was found and will be used for now. This function name will be deprecated in future releases of Jupyter Server.
[I 2024-03-18 13:09:52.790 ServerApp] Package jupyter_server_terminals took 0.3213s to import
[I 2024-03-18 13:09:52.791 ServerApp] Package jupyterlab took 0.0000s to import
[I 2024-03-18 13:09:53.748 ServerApp] Package notebook_shim took 0.0000s to import
[W 2024-03-18 13:09:53.748 ServerApp] A `_jupyter_server_extension_points` function was not found in notebook_shim. Instead, a `_jupyter_server_extension_paths` function was found and will be used for now. This function name will be deprecated in future releases of Jupyter Server.
[I 2024-03-18 13:09:53.768 ServerApp] jupyter_lsp | extension was successfully linked.
[I 2024-03-18 13:09:53.772 ServerApp] jupyter_server_terminals | extension was successfully linked.
[I 2024-03-18 13:09:53.776 ServerApp] jupyterlab | extension was successfully linked.
[W 2024-03-18 13:09:53.781 ServerApp] ServerApp.password config is deprecated in 2.0. Use PasswordIdentityProvider.hashed_password.
[I 2024-03-18 13:09:53.781 ServerApp] notebook | extension was successfully linked.
[I 2024-03-18 13:09:58.804 ServerApp] notebook_shim | extension was successfully linked.
[I 2024-03-18 13:09:59.127 ServerApp] notebook_shim | extension was successfully loaded.
[I 2024-03-18 13:09:59.129 ServerApp] jupyter_lsp | extension was successfully loaded.
[I 2024-03-18 13:09:59.131 ServerApp] jupyter_server_terminals | extension was successfully loaded.
[I 2024-03-18 13:09:59.139 LabApp] JupyterLab extension loaded from /leonardo_work/ICT24_ESP/sdigioia/envs/newRLenv/lib/python3.10/site-packages/jupyterlab
[I 2024-03-18 13:09:59.139 LabApp] JupyterLab application directory is /leonardo_work/ICT24_ESP/sdigioia/envs/newRLenv/share/jupyter/lab
[I 2024-03-18 13:09:59.140 LabApp] Extension Manager is 'pypi'.
[I 2024-03-18 13:09:59.142 ServerApp] jupyterlab | extension was successfully loaded.
[I 2024-03-18 13:09:59.145 ServerApp] notebook | extension was successfully loaded.
[I 2024-03-18 13:09:59.147 ServerApp] Serving notebooks from local directory: /leonardo_work/ICT24_ESP/sdigioia/Tutorial-causal-discovery
[I 2024-03-18 13:09:59.147 ServerApp] Jupyter Server 2.7.2 is running at:
[I 2024-03-18 13:09:59.147 ServerApp] http://lrdn3348:8887/tree
[I 2024-03-18 13:09:59.147 ServerApp]     http://127.0.0.1:8887/tree
[I 2024-03-18 13:09:59.147 ServerApp] Use Control-C to stop this server and shut down all kernels (twice to skip confirmation).
[I 2024-03-18 13:09:59.218 ServerApp] Skipped non-installed server(s): bash-language-server, dockerfile-language-server-nodejs, javascript-typescript-langserver, jedi-language-server, julia-language-server, pyright, python-language-server, python-lsp-server, r-languageserver, sql-language-server, texlab, typescript-language-server, unified-language-server, vscode-css-languageserver-bin, vscode-html-languageserver-bin, vscode-json-languageserver-bin, yaml-language-server
slurmstepd: error: *** JOB 3768331 ON lrdn3348 CANCELLED AT 2024-03-18T14:12:41 DUE TO TIME LIMIT ***
